{"timestamp":"2026-02-27T10:56:31.665379Z","level":"info","event":"Filling up the DagBag from /opt/airflow/dags/11_incremental_load.py","logger":"airflow.models.dagbag.BundleDagBag","filename":"dagbag.py","lineno":593}
{"timestamp":"2026-02-27T10:57:01.990819Z","level":"info","event":"Filling up the DagBag from /opt/airflow/dags/11_incremental_load.py","logger":"airflow.models.dagbag.BundleDagBag","filename":"dagbag.py","lineno":593}
{"timestamp":"2026-02-27T10:57:30.291297Z","level":"info","event":"Filling up the DagBag from /opt/airflow/dags/11_incremental_load.py","logger":"airflow.models.dagbag.BundleDagBag","filename":"dagbag.py","lineno":593}
{"timestamp":"2026-02-27T10:58:00.586614Z","level":"info","event":"Filling up the DagBag from /opt/airflow/dags/11_incremental_load.py","logger":"airflow.models.dagbag.BundleDagBag","filename":"dagbag.py","lineno":593}
{"timestamp":"2026-02-27T10:58:08.697626Z","level":"info","event":"Filling up the DagBag from /opt/airflow/dags/11_incremental_load.py","logger":"airflow.models.dagbag.BundleDagBag","filename":"dagbag.py","lineno":593}
{"timestamp":"2026-02-27T10:58:08.723323Z","level":"error","event":"Failed to import: /opt/airflow/dags/11_incremental_load.py","logger":"airflow.models.dagbag.BundleDagBag","filename":"dagbag.py","lineno":415,"error_detail":[{"exc_type":"SyntaxError","exc_value":"unterminated string literal (detected at line 11) (11_incremental_load.py, line 11)","exc_notes":[],"syntax_error":{"offset":36,"filename":"/opt/airflow/dags/11_incremental_load.py","line":"        date_interval_end = kwargs[\"data_interval_end]","lineno":11,"msg":"unterminated string literal (detected at line 11)"},"is_cause":false,"frames":[{"filename":"/home/airflow/.local/lib/python3.12/site-packages/airflow/models/dagbag.py","lineno":405,"name":"parse"},{"filename":"<frozen importlib._bootstrap_external>","lineno":995,"name":"exec_module"},{"filename":"<frozen importlib._bootstrap_external>","lineno":1133,"name":"get_code"},{"filename":"<frozen importlib._bootstrap_external>","lineno":1063,"name":"source_to_code"},{"filename":"<frozen importlib._bootstrap>","lineno":488,"name":"_call_with_frames_removed"}],"is_group":false,"exceptions":[]}]}
{"timestamp":"2026-02-27T10:58:39.028672Z","level":"info","event":"Filling up the DagBag from /opt/airflow/dags/11_incremental_load.py","logger":"airflow.models.dagbag.BundleDagBag","filename":"dagbag.py","lineno":593}
{"timestamp":"2026-02-27T10:58:39.042283Z","level":"error","event":"Failed to import: /opt/airflow/dags/11_incremental_load.py","logger":"airflow.models.dagbag.BundleDagBag","filename":"dagbag.py","lineno":415,"error_detail":[{"exc_type":"SyntaxError","exc_value":"unterminated string literal (detected at line 11) (11_incremental_load.py, line 11)","exc_notes":[],"syntax_error":{"offset":36,"filename":"/opt/airflow/dags/11_incremental_load.py","line":"        date_interval_end = kwargs[\"data_interval_end]","lineno":11,"msg":"unterminated string literal (detected at line 11)"},"is_cause":false,"frames":[{"filename":"/home/airflow/.local/lib/python3.12/site-packages/airflow/models/dagbag.py","lineno":405,"name":"parse"},{"filename":"<frozen importlib._bootstrap_external>","lineno":995,"name":"exec_module"},{"filename":"<frozen importlib._bootstrap_external>","lineno":1133,"name":"get_code"},{"filename":"<frozen importlib._bootstrap_external>","lineno":1063,"name":"source_to_code"},{"filename":"<frozen importlib._bootstrap>","lineno":488,"name":"_call_with_frames_removed"}],"is_group":false,"exceptions":[]}]}
{"timestamp":"2026-02-27T10:59:09.226438Z","level":"info","event":"Filling up the DagBag from /opt/airflow/dags/11_incremental_load.py","logger":"airflow.models.dagbag.BundleDagBag","filename":"dagbag.py","lineno":593}
{"timestamp":"2026-02-27T10:59:09.239385Z","level":"error","event":"Failed to import: /opt/airflow/dags/11_incremental_load.py","logger":"airflow.models.dagbag.BundleDagBag","filename":"dagbag.py","lineno":415,"error_detail":[{"exc_type":"SyntaxError","exc_value":"unterminated string literal (detected at line 11) (11_incremental_load.py, line 11)","exc_notes":[],"syntax_error":{"offset":36,"filename":"/opt/airflow/dags/11_incremental_load.py","line":"        date_interval_end = kwargs[\"data_interval_end]","lineno":11,"msg":"unterminated string literal (detected at line 11)"},"is_cause":false,"frames":[{"filename":"/home/airflow/.local/lib/python3.12/site-packages/airflow/models/dagbag.py","lineno":405,"name":"parse"},{"filename":"<frozen importlib._bootstrap_external>","lineno":995,"name":"exec_module"},{"filename":"<frozen importlib._bootstrap_external>","lineno":1133,"name":"get_code"},{"filename":"<frozen importlib._bootstrap_external>","lineno":1063,"name":"source_to_code"},{"filename":"<frozen importlib._bootstrap>","lineno":488,"name":"_call_with_frames_removed"}],"is_group":false,"exceptions":[]}]}
{"timestamp":"2026-02-27T10:59:39.461640Z","level":"info","event":"Filling up the DagBag from /opt/airflow/dags/11_incremental_load.py","logger":"airflow.models.dagbag.BundleDagBag","filename":"dagbag.py","lineno":593}
{"timestamp":"2026-02-27T10:59:39.473159Z","level":"error","event":"Failed to import: /opt/airflow/dags/11_incremental_load.py","logger":"airflow.models.dagbag.BundleDagBag","filename":"dagbag.py","lineno":415,"error_detail":[{"exc_type":"SyntaxError","exc_value":"unterminated string literal (detected at line 11) (11_incremental_load.py, line 11)","exc_notes":[],"syntax_error":{"offset":36,"filename":"/opt/airflow/dags/11_incremental_load.py","line":"        date_interval_end = kwargs[\"data_interval_end]","lineno":11,"msg":"unterminated string literal (detected at line 11)"},"is_cause":false,"frames":[{"filename":"/home/airflow/.local/lib/python3.12/site-packages/airflow/models/dagbag.py","lineno":405,"name":"parse"},{"filename":"<frozen importlib._bootstrap_external>","lineno":995,"name":"exec_module"},{"filename":"<frozen importlib._bootstrap_external>","lineno":1133,"name":"get_code"},{"filename":"<frozen importlib._bootstrap_external>","lineno":1063,"name":"source_to_code"},{"filename":"<frozen importlib._bootstrap>","lineno":488,"name":"_call_with_frames_removed"}],"is_group":false,"exceptions":[]}]}
{"timestamp":"2026-02-27T11:00:00.733615Z","level":"info","event":"Filling up the DagBag from /opt/airflow/dags/11_incremental_load.py","logger":"airflow.models.dagbag.BundleDagBag","filename":"dagbag.py","lineno":593}
{"timestamp":"2026-02-27T11:00:20.874951Z","level":"info","event":"Filling up the DagBag from /opt/airflow/dags/11_incremental_load.py","logger":"airflow.models.dagbag.BundleDagBag","filename":"dagbag.py","lineno":593}
{"timestamp":"2026-02-27T11:00:20.890278Z","level":"error","event":"Failed to import: /opt/airflow/dags/11_incremental_load.py","logger":"airflow.models.dagbag.BundleDagBag","filename":"dagbag.py","lineno":415,"error_detail":[{"exc_type":"IndentationError","exc_value":"unexpected unindent (11_incremental_load.py, line 16)","exc_notes":[],"syntax_error":{"offset":5,"filename":"/opt/airflow/dags/11_incremental_load.py","line":"    ","lineno":16,"msg":"unexpected unindent"},"is_cause":false,"frames":[{"filename":"/home/airflow/.local/lib/python3.12/site-packages/airflow/models/dagbag.py","lineno":405,"name":"parse"},{"filename":"<frozen importlib._bootstrap_external>","lineno":995,"name":"exec_module"},{"filename":"<frozen importlib._bootstrap_external>","lineno":1133,"name":"get_code"},{"filename":"<frozen importlib._bootstrap_external>","lineno":1063,"name":"source_to_code"},{"filename":"<frozen importlib._bootstrap>","lineno":488,"name":"_call_with_frames_removed"}],"is_group":false,"exceptions":[]}]}
{"timestamp":"2026-02-27T11:00:51.057584Z","level":"info","event":"Filling up the DagBag from /opt/airflow/dags/11_incremental_load.py","logger":"airflow.models.dagbag.BundleDagBag","filename":"dagbag.py","lineno":593}
{"timestamp":"2026-02-27T11:00:51.079638Z","level":"error","event":"Failed to import: /opt/airflow/dags/11_incremental_load.py","logger":"airflow.models.dagbag.BundleDagBag","filename":"dagbag.py","lineno":415,"error_detail":[{"exc_type":"IndentationError","exc_value":"unexpected unindent (11_incremental_load.py, line 16)","exc_notes":[],"syntax_error":{"offset":5,"filename":"/opt/airflow/dags/11_incremental_load.py","line":"    ","lineno":16,"msg":"unexpected unindent"},"is_cause":false,"frames":[{"filename":"/home/airflow/.local/lib/python3.12/site-packages/airflow/models/dagbag.py","lineno":405,"name":"parse"},{"filename":"<frozen importlib._bootstrap_external>","lineno":995,"name":"exec_module"},{"filename":"<frozen importlib._bootstrap_external>","lineno":1133,"name":"get_code"},{"filename":"<frozen importlib._bootstrap_external>","lineno":1063,"name":"source_to_code"},{"filename":"<frozen importlib._bootstrap>","lineno":488,"name":"_call_with_frames_removed"}],"is_group":false,"exceptions":[]}]}
{"timestamp":"2026-02-27T11:00:57.235618Z","level":"info","event":"Filling up the DagBag from /opt/airflow/dags/11_incremental_load.py","logger":"airflow.models.dagbag.BundleDagBag","filename":"dagbag.py","lineno":593}
{"timestamp":"2026-02-27T11:01:27.449431Z","level":"info","event":"Filling up the DagBag from /opt/airflow/dags/11_incremental_load.py","logger":"airflow.models.dagbag.BundleDagBag","filename":"dagbag.py","lineno":593}
{"timestamp":"2026-02-27T11:01:32.634636Z","level":"info","event":"Filling up the DagBag from /opt/airflow/dags/11_incremental_load.py","logger":"airflow.models.dagbag.BundleDagBag","filename":"dagbag.py","lineno":593}
{"timestamp":"2026-02-27T11:01:44.957560Z","level":"info","event":"Filling up the DagBag from /opt/airflow/dags/11_incremental_load.py","logger":"airflow.models.dagbag.BundleDagBag","filename":"dagbag.py","lineno":593}
{"timestamp":"2026-02-27T11:02:09.964653Z","level":"info","event":"Filling up the DagBag from /opt/airflow/dags/11_incremental_load.py","logger":"airflow.models.dagbag.BundleDagBag","filename":"dagbag.py","lineno":593}
{"timestamp":"2026-02-27T11:02:29.116799Z","level":"info","event":"Filling up the DagBag from /opt/airflow/dags/11_incremental_load.py","logger":"airflow.models.dagbag.BundleDagBag","filename":"dagbag.py","lineno":593}
{"timestamp":"2026-02-27T11:02:59.292294Z","level":"info","event":"Filling up the DagBag from /opt/airflow/dags/11_incremental_load.py","logger":"airflow.models.dagbag.BundleDagBag","filename":"dagbag.py","lineno":593}
{"timestamp":"2026-02-27T11:03:29.452595Z","level":"info","event":"Filling up the DagBag from /opt/airflow/dags/11_incremental_load.py","logger":"airflow.models.dagbag.BundleDagBag","filename":"dagbag.py","lineno":593}
{"timestamp":"2026-02-27T11:03:59.624667Z","level":"info","event":"Filling up the DagBag from /opt/airflow/dags/11_incremental_load.py","logger":"airflow.models.dagbag.BundleDagBag","filename":"dagbag.py","lineno":593}
{"timestamp":"2026-02-27T11:04:13.791080Z","level":"info","event":"Filling up the DagBag from /opt/airflow/dags/11_incremental_load.py","logger":"airflow.models.dagbag.BundleDagBag","filename":"dagbag.py","lineno":593}
{"timestamp":"2026-02-27T11:04:13.818061Z","level":"error","event":"Failed to import: /opt/airflow/dags/11_incremental_load.py","logger":"airflow.models.dagbag.BundleDagBag","filename":"dagbag.py","lineno":415,"error_detail":[{"exc_type":"TypeError","exc_value":"CronMixin.__init__() got an unexpected keyword argument 'data_interval_start'","exc_notes":[],"syntax_error":null,"is_cause":false,"frames":[{"filename":"/home/airflow/.local/lib/python3.12/site-packages/airflow/models/dagbag.py","lineno":405,"name":"parse"},{"filename":"<frozen importlib._bootstrap_external>","lineno":999,"name":"exec_module"},{"filename":"<frozen importlib._bootstrap>","lineno":488,"name":"_call_with_frames_removed"},{"filename":"/opt/airflow/dags/11_incremental_load.py","lineno":8,"name":"<module>"}],"is_group":false,"exceptions":[]}]}
{"timestamp":"2026-02-27T11:04:34.892583Z","level":"info","event":"Filling up the DagBag from /opt/airflow/dags/11_incremental_load.py","logger":"airflow.models.dagbag.BundleDagBag","filename":"dagbag.py","lineno":593}
{"timestamp":"2026-02-27T11:04:34.919911Z","level":"error","event":"Failed to import: /opt/airflow/dags/11_incremental_load.py","logger":"airflow.models.dagbag.BundleDagBag","filename":"dagbag.py","lineno":415,"error_detail":[{"exc_type":"TypeError","exc_value":"CronMixin.__init__() got an unexpected keyword argument 'data_interval_start'","exc_notes":[],"syntax_error":null,"is_cause":false,"frames":[{"filename":"/home/airflow/.local/lib/python3.12/site-packages/airflow/models/dagbag.py","lineno":405,"name":"parse"},{"filename":"<frozen importlib._bootstrap_external>","lineno":999,"name":"exec_module"},{"filename":"<frozen importlib._bootstrap>","lineno":488,"name":"_call_with_frames_removed"},{"filename":"/opt/airflow/dags/11_incremental_load.py","lineno":8,"name":"<module>"}],"is_group":false,"exceptions":[]}]}
{"timestamp":"2026-02-27T11:05:05.070162Z","level":"info","event":"Filling up the DagBag from /opt/airflow/dags/11_incremental_load.py","logger":"airflow.models.dagbag.BundleDagBag","filename":"dagbag.py","lineno":593}
{"timestamp":"2026-02-27T11:05:05.087974Z","level":"error","event":"Failed to import: /opt/airflow/dags/11_incremental_load.py","logger":"airflow.models.dagbag.BundleDagBag","filename":"dagbag.py","lineno":415,"error_detail":[{"exc_type":"TypeError","exc_value":"CronMixin.__init__() got an unexpected keyword argument 'data_interval_start'","exc_notes":[],"syntax_error":null,"is_cause":false,"frames":[{"filename":"/home/airflow/.local/lib/python3.12/site-packages/airflow/models/dagbag.py","lineno":405,"name":"parse"},{"filename":"<frozen importlib._bootstrap_external>","lineno":999,"name":"exec_module"},{"filename":"<frozen importlib._bootstrap>","lineno":488,"name":"_call_with_frames_removed"},{"filename":"/opt/airflow/dags/11_incremental_load.py","lineno":8,"name":"<module>"}],"is_group":false,"exceptions":[]}]}
{"timestamp":"2026-02-27T11:05:35.348722Z","level":"info","event":"Filling up the DagBag from /opt/airflow/dags/11_incremental_load.py","logger":"airflow.models.dagbag.BundleDagBag","filename":"dagbag.py","lineno":593}
{"timestamp":"2026-02-27T11:05:35.367329Z","level":"error","event":"Failed to import: /opt/airflow/dags/11_incremental_load.py","logger":"airflow.models.dagbag.BundleDagBag","filename":"dagbag.py","lineno":415,"error_detail":[{"exc_type":"TypeError","exc_value":"CronMixin.__init__() got an unexpected keyword argument 'data_interval_start'","exc_notes":[],"syntax_error":null,"is_cause":false,"frames":[{"filename":"/home/airflow/.local/lib/python3.12/site-packages/airflow/models/dagbag.py","lineno":405,"name":"parse"},{"filename":"<frozen importlib._bootstrap_external>","lineno":999,"name":"exec_module"},{"filename":"<frozen importlib._bootstrap>","lineno":488,"name":"_call_with_frames_removed"},{"filename":"/opt/airflow/dags/11_incremental_load.py","lineno":8,"name":"<module>"}],"is_group":false,"exceptions":[]}]}
{"timestamp":"2026-02-27T11:05:59.617848Z","level":"info","event":"Filling up the DagBag from /opt/airflow/dags/11_incremental_load.py","logger":"airflow.models.dagbag.BundleDagBag","filename":"dagbag.py","lineno":593}
{"timestamp":"2026-02-27T11:06:29.996602Z","level":"info","event":"Filling up the DagBag from /opt/airflow/dags/11_incremental_load.py","logger":"airflow.models.dagbag.BundleDagBag","filename":"dagbag.py","lineno":593}
{"timestamp":"2026-02-27T11:07:00.172888Z","level":"info","event":"Filling up the DagBag from /opt/airflow/dags/11_incremental_load.py","logger":"airflow.models.dagbag.BundleDagBag","filename":"dagbag.py","lineno":593}
{"timestamp":"2026-02-27T11:07:05.289309Z","level":"info","event":"Filling up the DagBag from /opt/airflow/dags/11_incremental_load.py","logger":"airflow.models.dagbag.BundleDagBag","filename":"dagbag.py","lineno":593}
{"timestamp":"2026-02-27T11:07:35.482202Z","level":"info","event":"Filling up the DagBag from /opt/airflow/dags/11_incremental_load.py","logger":"airflow.models.dagbag.BundleDagBag","filename":"dagbag.py","lineno":593}
{"timestamp":"2026-02-27T11:07:53.572038Z","level":"info","event":"Filling up the DagBag from /opt/airflow/dags/11_incremental_load.py","logger":"airflow.models.dagbag.BundleDagBag","filename":"dagbag.py","lineno":593}
{"timestamp":"2026-02-27T11:08:23.879534Z","level":"info","event":"Filling up the DagBag from /opt/airflow/dags/11_incremental_load.py","logger":"airflow.models.dagbag.BundleDagBag","filename":"dagbag.py","lineno":593}
{"timestamp":"2026-02-27T11:08:54.101137Z","level":"info","event":"Filling up the DagBag from /opt/airflow/dags/11_incremental_load.py","logger":"airflow.models.dagbag.BundleDagBag","filename":"dagbag.py","lineno":593}
{"timestamp":"2026-02-27T11:09:24.338898Z","level":"info","event":"Filling up the DagBag from /opt/airflow/dags/11_incremental_load.py","logger":"airflow.models.dagbag.BundleDagBag","filename":"dagbag.py","lineno":593}
{"timestamp":"2026-02-27T11:09:55.163572Z","level":"info","event":"Filling up the DagBag from /opt/airflow/dags/11_incremental_load.py","logger":"airflow.models.dagbag.BundleDagBag","filename":"dagbag.py","lineno":593}
{"timestamp":"2026-02-27T11:10:25.452154Z","level":"info","event":"Filling up the DagBag from /opt/airflow/dags/11_incremental_load.py","logger":"airflow.models.dagbag.BundleDagBag","filename":"dagbag.py","lineno":593}
{"timestamp":"2026-02-27T11:10:55.749919Z","level":"info","event":"Filling up the DagBag from /opt/airflow/dags/11_incremental_load.py","logger":"airflow.models.dagbag.BundleDagBag","filename":"dagbag.py","lineno":593}
{"timestamp":"2026-02-27T11:11:25.999307Z","level":"info","event":"Filling up the DagBag from /opt/airflow/dags/11_incremental_load.py","logger":"airflow.models.dagbag.BundleDagBag","filename":"dagbag.py","lineno":593}
{"timestamp":"2026-02-27T11:11:56.254767Z","level":"info","event":"Filling up the DagBag from /opt/airflow/dags/11_incremental_load.py","logger":"airflow.models.dagbag.BundleDagBag","filename":"dagbag.py","lineno":593}
{"timestamp":"2026-02-27T11:12:26.470508Z","level":"info","event":"Filling up the DagBag from /opt/airflow/dags/11_incremental_load.py","logger":"airflow.models.dagbag.BundleDagBag","filename":"dagbag.py","lineno":593}
{"timestamp":"2026-02-27T11:12:56.691935Z","level":"info","event":"Filling up the DagBag from /opt/airflow/dags/11_incremental_load.py","logger":"airflow.models.dagbag.BundleDagBag","filename":"dagbag.py","lineno":593}
{"timestamp":"2026-02-27T11:13:26.901657Z","level":"info","event":"Filling up the DagBag from /opt/airflow/dags/11_incremental_load.py","logger":"airflow.models.dagbag.BundleDagBag","filename":"dagbag.py","lineno":593}
{"timestamp":"2026-02-27T11:13:57.048415Z","level":"info","event":"Filling up the DagBag from /opt/airflow/dags/11_incremental_load.py","logger":"airflow.models.dagbag.BundleDagBag","filename":"dagbag.py","lineno":593}
{"timestamp":"2026-02-27T11:14:27.240290Z","level":"info","event":"Filling up the DagBag from /opt/airflow/dags/11_incremental_load.py","logger":"airflow.models.dagbag.BundleDagBag","filename":"dagbag.py","lineno":593}
{"timestamp":"2026-02-27T11:14:57.396422Z","level":"info","event":"Filling up the DagBag from /opt/airflow/dags/11_incremental_load.py","logger":"airflow.models.dagbag.BundleDagBag","filename":"dagbag.py","lineno":593}
{"timestamp":"2026-02-27T11:15:27.630684Z","level":"info","event":"Filling up the DagBag from /opt/airflow/dags/11_incremental_load.py","logger":"airflow.models.dagbag.BundleDagBag","filename":"dagbag.py","lineno":593}
{"timestamp":"2026-02-27T11:15:57.807646Z","level":"info","event":"Filling up the DagBag from /opt/airflow/dags/11_incremental_load.py","logger":"airflow.models.dagbag.BundleDagBag","filename":"dagbag.py","lineno":593}
{"timestamp":"2026-02-27T11:16:27.998371Z","level":"info","event":"Filling up the DagBag from /opt/airflow/dags/11_incremental_load.py","logger":"airflow.models.dagbag.BundleDagBag","filename":"dagbag.py","lineno":593}
{"timestamp":"2026-02-27T11:16:58.231268Z","level":"info","event":"Filling up the DagBag from /opt/airflow/dags/11_incremental_load.py","logger":"airflow.models.dagbag.BundleDagBag","filename":"dagbag.py","lineno":593}
{"timestamp":"2026-02-27T11:17:28.566334Z","level":"info","event":"Filling up the DagBag from /opt/airflow/dags/11_incremental_load.py","logger":"airflow.models.dagbag.BundleDagBag","filename":"dagbag.py","lineno":593}
{"timestamp":"2026-02-27T11:17:58.700356Z","level":"info","event":"Filling up the DagBag from /opt/airflow/dags/11_incremental_load.py","logger":"airflow.models.dagbag.BundleDagBag","filename":"dagbag.py","lineno":593}
{"timestamp":"2026-02-27T11:18:28.939981Z","level":"info","event":"Filling up the DagBag from /opt/airflow/dags/11_incremental_load.py","logger":"airflow.models.dagbag.BundleDagBag","filename":"dagbag.py","lineno":593}
{"timestamp":"2026-02-27T11:18:59.187912Z","level":"info","event":"Filling up the DagBag from /opt/airflow/dags/11_incremental_load.py","logger":"airflow.models.dagbag.BundleDagBag","filename":"dagbag.py","lineno":593}
{"timestamp":"2026-02-27T11:19:29.567498Z","level":"info","event":"Filling up the DagBag from /opt/airflow/dags/11_incremental_load.py","logger":"airflow.models.dagbag.BundleDagBag","filename":"dagbag.py","lineno":593}
{"timestamp":"2026-02-27T11:19:59.754928Z","level":"info","event":"Filling up the DagBag from /opt/airflow/dags/11_incremental_load.py","logger":"airflow.models.dagbag.BundleDagBag","filename":"dagbag.py","lineno":593}
{"timestamp":"2026-02-27T11:20:30.021804Z","level":"info","event":"Filling up the DagBag from /opt/airflow/dags/11_incremental_load.py","logger":"airflow.models.dagbag.BundleDagBag","filename":"dagbag.py","lineno":593}
{"timestamp":"2026-02-27T11:21:00.487242Z","level":"info","event":"Filling up the DagBag from /opt/airflow/dags/11_incremental_load.py","logger":"airflow.models.dagbag.BundleDagBag","filename":"dagbag.py","lineno":593}
{"timestamp":"2026-02-27T11:21:30.731344Z","level":"info","event":"Filling up the DagBag from /opt/airflow/dags/11_incremental_load.py","logger":"airflow.models.dagbag.BundleDagBag","filename":"dagbag.py","lineno":593}
{"timestamp":"2026-02-27T11:22:01.112827Z","level":"info","event":"Filling up the DagBag from /opt/airflow/dags/11_incremental_load.py","logger":"airflow.models.dagbag.BundleDagBag","filename":"dagbag.py","lineno":593}
{"timestamp":"2026-02-27T11:22:31.318996Z","level":"info","event":"Filling up the DagBag from /opt/airflow/dags/11_incremental_load.py","logger":"airflow.models.dagbag.BundleDagBag","filename":"dagbag.py","lineno":593}
{"timestamp":"2026-02-27T11:23:01.885253Z","level":"info","event":"Filling up the DagBag from /opt/airflow/dags/11_incremental_load.py","logger":"airflow.models.dagbag.BundleDagBag","filename":"dagbag.py","lineno":593}
{"timestamp":"2026-02-27T11:23:32.106521Z","level":"info","event":"Filling up the DagBag from /opt/airflow/dags/11_incremental_load.py","logger":"airflow.models.dagbag.BundleDagBag","filename":"dagbag.py","lineno":593}
{"timestamp":"2026-02-27T11:24:02.490711Z","level":"info","event":"Filling up the DagBag from /opt/airflow/dags/11_incremental_load.py","logger":"airflow.models.dagbag.BundleDagBag","filename":"dagbag.py","lineno":593}
{"timestamp":"2026-02-27T11:24:32.912781Z","level":"info","event":"Filling up the DagBag from /opt/airflow/dags/11_incremental_load.py","logger":"airflow.models.dagbag.BundleDagBag","filename":"dagbag.py","lineno":593}
{"timestamp":"2026-02-27T11:25:03.271914Z","level":"info","event":"Filling up the DagBag from /opt/airflow/dags/11_incremental_load.py","logger":"airflow.models.dagbag.BundleDagBag","filename":"dagbag.py","lineno":593}
{"timestamp":"2026-02-27T11:25:33.534528Z","level":"info","event":"Filling up the DagBag from /opt/airflow/dags/11_incremental_load.py","logger":"airflow.models.dagbag.BundleDagBag","filename":"dagbag.py","lineno":593}
{"timestamp":"2026-02-27T11:26:03.812422Z","level":"info","event":"Filling up the DagBag from /opt/airflow/dags/11_incremental_load.py","logger":"airflow.models.dagbag.BundleDagBag","filename":"dagbag.py","lineno":593}
{"timestamp":"2026-02-27T11:26:34.244317Z","level":"info","event":"Filling up the DagBag from /opt/airflow/dags/11_incremental_load.py","logger":"airflow.models.dagbag.BundleDagBag","filename":"dagbag.py","lineno":593}
{"timestamp":"2026-02-27T11:27:04.691068Z","level":"info","event":"Filling up the DagBag from /opt/airflow/dags/11_incremental_load.py","logger":"airflow.models.dagbag.BundleDagBag","filename":"dagbag.py","lineno":593}
{"timestamp":"2026-02-27T11:27:34.936343Z","level":"info","event":"Filling up the DagBag from /opt/airflow/dags/11_incremental_load.py","logger":"airflow.models.dagbag.BundleDagBag","filename":"dagbag.py","lineno":593}
{"timestamp":"2026-02-27T11:28:05.216178Z","level":"info","event":"Filling up the DagBag from /opt/airflow/dags/11_incremental_load.py","logger":"airflow.models.dagbag.BundleDagBag","filename":"dagbag.py","lineno":593}
{"timestamp":"2026-02-27T11:28:35.822686Z","level":"info","event":"Filling up the DagBag from /opt/airflow/dags/11_incremental_load.py","logger":"airflow.models.dagbag.BundleDagBag","filename":"dagbag.py","lineno":593}
{"timestamp":"2026-02-27T11:29:06.089210Z","level":"info","event":"Filling up the DagBag from /opt/airflow/dags/11_incremental_load.py","logger":"airflow.models.dagbag.BundleDagBag","filename":"dagbag.py","lineno":593}
{"timestamp":"2026-02-27T11:29:36.410745Z","level":"info","event":"Filling up the DagBag from /opt/airflow/dags/11_incremental_load.py","logger":"airflow.models.dagbag.BundleDagBag","filename":"dagbag.py","lineno":593}
{"timestamp":"2026-02-27T11:30:06.827702Z","level":"info","event":"Filling up the DagBag from /opt/airflow/dags/11_incremental_load.py","logger":"airflow.models.dagbag.BundleDagBag","filename":"dagbag.py","lineno":593}
{"timestamp":"2026-02-27T11:30:37.173161Z","level":"info","event":"Filling up the DagBag from /opt/airflow/dags/11_incremental_load.py","logger":"airflow.models.dagbag.BundleDagBag","filename":"dagbag.py","lineno":593}
{"timestamp":"2026-02-27T11:31:07.627653Z","level":"info","event":"Filling up the DagBag from /opt/airflow/dags/11_incremental_load.py","logger":"airflow.models.dagbag.BundleDagBag","filename":"dagbag.py","lineno":593}
{"timestamp":"2026-02-27T11:31:38.057056Z","level":"info","event":"Filling up the DagBag from /opt/airflow/dags/11_incremental_load.py","logger":"airflow.models.dagbag.BundleDagBag","filename":"dagbag.py","lineno":593}
{"timestamp":"2026-02-27T11:32:08.428479Z","level":"info","event":"Filling up the DagBag from /opt/airflow/dags/11_incremental_load.py","logger":"airflow.models.dagbag.BundleDagBag","filename":"dagbag.py","lineno":593}
{"timestamp":"2026-02-27T11:32:38.852455Z","level":"info","event":"Filling up the DagBag from /opt/airflow/dags/11_incremental_load.py","logger":"airflow.models.dagbag.BundleDagBag","filename":"dagbag.py","lineno":593}
{"timestamp":"2026-02-27T11:33:09.124920Z","level":"info","event":"Filling up the DagBag from /opt/airflow/dags/11_incremental_load.py","logger":"airflow.models.dagbag.BundleDagBag","filename":"dagbag.py","lineno":593}
{"timestamp":"2026-02-27T11:33:39.375149Z","level":"info","event":"Filling up the DagBag from /opt/airflow/dags/11_incremental_load.py","logger":"airflow.models.dagbag.BundleDagBag","filename":"dagbag.py","lineno":593}
{"timestamp":"2026-02-27T11:34:09.592249Z","level":"info","event":"Filling up the DagBag from /opt/airflow/dags/11_incremental_load.py","logger":"airflow.models.dagbag.BundleDagBag","filename":"dagbag.py","lineno":593}
{"timestamp":"2026-02-27T11:34:39.837423Z","level":"info","event":"Filling up the DagBag from /opt/airflow/dags/11_incremental_load.py","logger":"airflow.models.dagbag.BundleDagBag","filename":"dagbag.py","lineno":593}
{"timestamp":"2026-02-27T11:35:10.163834Z","level":"info","event":"Filling up the DagBag from /opt/airflow/dags/11_incremental_load.py","logger":"airflow.models.dagbag.BundleDagBag","filename":"dagbag.py","lineno":593}
{"timestamp":"2026-02-27T11:35:40.438895Z","level":"info","event":"Filling up the DagBag from /opt/airflow/dags/11_incremental_load.py","logger":"airflow.models.dagbag.BundleDagBag","filename":"dagbag.py","lineno":593}
{"timestamp":"2026-02-27T11:36:10.681549Z","level":"info","event":"Filling up the DagBag from /opt/airflow/dags/11_incremental_load.py","logger":"airflow.models.dagbag.BundleDagBag","filename":"dagbag.py","lineno":593}
{"timestamp":"2026-02-27T11:36:40.830979Z","level":"info","event":"Filling up the DagBag from /opt/airflow/dags/11_incremental_load.py","logger":"airflow.models.dagbag.BundleDagBag","filename":"dagbag.py","lineno":593}
{"timestamp":"2026-02-27T11:37:11.467306Z","level":"info","event":"Filling up the DagBag from /opt/airflow/dags/11_incremental_load.py","logger":"airflow.models.dagbag.BundleDagBag","filename":"dagbag.py","lineno":593}
{"timestamp":"2026-02-27T11:37:41.735033Z","level":"info","event":"Filling up the DagBag from /opt/airflow/dags/11_incremental_load.py","logger":"airflow.models.dagbag.BundleDagBag","filename":"dagbag.py","lineno":593}
{"timestamp":"2026-02-27T11:38:12.025125Z","level":"info","event":"Filling up the DagBag from /opt/airflow/dags/11_incremental_load.py","logger":"airflow.models.dagbag.BundleDagBag","filename":"dagbag.py","lineno":593}
{"timestamp":"2026-02-27T11:38:42.234263Z","level":"info","event":"Filling up the DagBag from /opt/airflow/dags/11_incremental_load.py","logger":"airflow.models.dagbag.BundleDagBag","filename":"dagbag.py","lineno":593}
{"timestamp":"2026-02-27T11:39:12.486223Z","level":"info","event":"Filling up the DagBag from /opt/airflow/dags/11_incremental_load.py","logger":"airflow.models.dagbag.BundleDagBag","filename":"dagbag.py","lineno":593}
{"timestamp":"2026-02-27T11:39:42.703728Z","level":"info","event":"Filling up the DagBag from /opt/airflow/dags/11_incremental_load.py","logger":"airflow.models.dagbag.BundleDagBag","filename":"dagbag.py","lineno":593}
{"timestamp":"2026-02-27T11:40:12.965717Z","level":"info","event":"Filling up the DagBag from /opt/airflow/dags/11_incremental_load.py","logger":"airflow.models.dagbag.BundleDagBag","filename":"dagbag.py","lineno":593}
{"timestamp":"2026-02-27T11:40:43.224640Z","level":"info","event":"Filling up the DagBag from /opt/airflow/dags/11_incremental_load.py","logger":"airflow.models.dagbag.BundleDagBag","filename":"dagbag.py","lineno":593}
{"timestamp":"2026-02-27T11:41:13.532473Z","level":"info","event":"Filling up the DagBag from /opt/airflow/dags/11_incremental_load.py","logger":"airflow.models.dagbag.BundleDagBag","filename":"dagbag.py","lineno":593}
{"timestamp":"2026-02-27T11:41:43.908438Z","level":"info","event":"Filling up the DagBag from /opt/airflow/dags/11_incremental_load.py","logger":"airflow.models.dagbag.BundleDagBag","filename":"dagbag.py","lineno":593}
{"timestamp":"2026-02-27T11:42:14.248143Z","level":"info","event":"Filling up the DagBag from /opt/airflow/dags/11_incremental_load.py","logger":"airflow.models.dagbag.BundleDagBag","filename":"dagbag.py","lineno":593}
{"timestamp":"2026-02-27T11:42:44.477347Z","level":"info","event":"Filling up the DagBag from /opt/airflow/dags/11_incremental_load.py","logger":"airflow.models.dagbag.BundleDagBag","filename":"dagbag.py","lineno":593}
{"timestamp":"2026-02-27T11:43:14.817969Z","level":"info","event":"Filling up the DagBag from /opt/airflow/dags/11_incremental_load.py","logger":"airflow.models.dagbag.BundleDagBag","filename":"dagbag.py","lineno":593}
{"timestamp":"2026-02-27T11:43:45.374063Z","level":"info","event":"Filling up the DagBag from /opt/airflow/dags/11_incremental_load.py","logger":"airflow.models.dagbag.BundleDagBag","filename":"dagbag.py","lineno":593}
{"timestamp":"2026-02-27T11:44:15.699732Z","level":"info","event":"Filling up the DagBag from /opt/airflow/dags/11_incremental_load.py","logger":"airflow.models.dagbag.BundleDagBag","filename":"dagbag.py","lineno":593}
{"timestamp":"2026-02-27T11:44:46.005909Z","level":"info","event":"Filling up the DagBag from /opt/airflow/dags/11_incremental_load.py","logger":"airflow.models.dagbag.BundleDagBag","filename":"dagbag.py","lineno":593}
{"timestamp":"2026-02-27T11:45:16.330824Z","level":"info","event":"Filling up the DagBag from /opt/airflow/dags/11_incremental_load.py","logger":"airflow.models.dagbag.BundleDagBag","filename":"dagbag.py","lineno":593}
{"timestamp":"2026-02-27T11:45:46.568026Z","level":"info","event":"Filling up the DagBag from /opt/airflow/dags/11_incremental_load.py","logger":"airflow.models.dagbag.BundleDagBag","filename":"dagbag.py","lineno":593}
{"timestamp":"2026-02-27T11:46:16.837214Z","level":"info","event":"Filling up the DagBag from /opt/airflow/dags/11_incremental_load.py","logger":"airflow.models.dagbag.BundleDagBag","filename":"dagbag.py","lineno":593}
{"timestamp":"2026-02-27T11:46:47.080140Z","level":"info","event":"Filling up the DagBag from /opt/airflow/dags/11_incremental_load.py","logger":"airflow.models.dagbag.BundleDagBag","filename":"dagbag.py","lineno":593}
{"timestamp":"2026-02-27T11:47:17.300899Z","level":"info","event":"Filling up the DagBag from /opt/airflow/dags/11_incremental_load.py","logger":"airflow.models.dagbag.BundleDagBag","filename":"dagbag.py","lineno":593}
{"timestamp":"2026-02-27T11:47:47.551344Z","level":"info","event":"Filling up the DagBag from /opt/airflow/dags/11_incremental_load.py","logger":"airflow.models.dagbag.BundleDagBag","filename":"dagbag.py","lineno":593}
{"timestamp":"2026-02-27T11:48:17.761941Z","level":"info","event":"Filling up the DagBag from /opt/airflow/dags/11_incremental_load.py","logger":"airflow.models.dagbag.BundleDagBag","filename":"dagbag.py","lineno":593}
{"timestamp":"2026-02-27T11:48:48.020926Z","level":"info","event":"Filling up the DagBag from /opt/airflow/dags/11_incremental_load.py","logger":"airflow.models.dagbag.BundleDagBag","filename":"dagbag.py","lineno":593}
{"timestamp":"2026-02-27T11:49:18.288267Z","level":"info","event":"Filling up the DagBag from /opt/airflow/dags/11_incremental_load.py","logger":"airflow.models.dagbag.BundleDagBag","filename":"dagbag.py","lineno":593}
{"timestamp":"2026-02-27T11:49:48.818140Z","level":"info","event":"Filling up the DagBag from /opt/airflow/dags/11_incremental_load.py","logger":"airflow.models.dagbag.BundleDagBag","filename":"dagbag.py","lineno":593}
{"timestamp":"2026-02-27T11:50:19.074565Z","level":"info","event":"Filling up the DagBag from /opt/airflow/dags/11_incremental_load.py","logger":"airflow.models.dagbag.BundleDagBag","filename":"dagbag.py","lineno":593}
{"timestamp":"2026-02-27T11:50:49.346149Z","level":"info","event":"Filling up the DagBag from /opt/airflow/dags/11_incremental_load.py","logger":"airflow.models.dagbag.BundleDagBag","filename":"dagbag.py","lineno":593}
{"timestamp":"2026-02-27T11:51:19.660795Z","level":"info","event":"Filling up the DagBag from /opt/airflow/dags/11_incremental_load.py","logger":"airflow.models.dagbag.BundleDagBag","filename":"dagbag.py","lineno":593}
{"timestamp":"2026-02-27T11:51:49.988335Z","level":"info","event":"Filling up the DagBag from /opt/airflow/dags/11_incremental_load.py","logger":"airflow.models.dagbag.BundleDagBag","filename":"dagbag.py","lineno":593}
{"timestamp":"2026-02-27T11:52:20.262552Z","level":"info","event":"Filling up the DagBag from /opt/airflow/dags/11_incremental_load.py","logger":"airflow.models.dagbag.BundleDagBag","filename":"dagbag.py","lineno":593}
{"timestamp":"2026-02-27T11:52:50.565968Z","level":"info","event":"Filling up the DagBag from /opt/airflow/dags/11_incremental_load.py","logger":"airflow.models.dagbag.BundleDagBag","filename":"dagbag.py","lineno":593}
{"timestamp":"2026-02-27T11:53:20.805235Z","level":"info","event":"Filling up the DagBag from /opt/airflow/dags/11_incremental_load.py","logger":"airflow.models.dagbag.BundleDagBag","filename":"dagbag.py","lineno":593}
{"timestamp":"2026-02-27T11:53:51.077953Z","level":"info","event":"Filling up the DagBag from /opt/airflow/dags/11_incremental_load.py","logger":"airflow.models.dagbag.BundleDagBag","filename":"dagbag.py","lineno":593}
{"timestamp":"2026-02-27T11:54:21.406216Z","level":"info","event":"Filling up the DagBag from /opt/airflow/dags/11_incremental_load.py","logger":"airflow.models.dagbag.BundleDagBag","filename":"dagbag.py","lineno":593}
{"timestamp":"2026-02-27T11:54:51.672184Z","level":"info","event":"Filling up the DagBag from /opt/airflow/dags/11_incremental_load.py","logger":"airflow.models.dagbag.BundleDagBag","filename":"dagbag.py","lineno":593}
{"timestamp":"2026-02-27T11:55:22.075040Z","level":"info","event":"Filling up the DagBag from /opt/airflow/dags/11_incremental_load.py","logger":"airflow.models.dagbag.BundleDagBag","filename":"dagbag.py","lineno":593}
{"timestamp":"2026-02-27T11:55:52.405409Z","level":"info","event":"Filling up the DagBag from /opt/airflow/dags/11_incremental_load.py","logger":"airflow.models.dagbag.BundleDagBag","filename":"dagbag.py","lineno":593}
{"timestamp":"2026-02-27T11:56:23.187945Z","level":"info","event":"Filling up the DagBag from /opt/airflow/dags/11_incremental_load.py","logger":"airflow.models.dagbag.BundleDagBag","filename":"dagbag.py","lineno":593}
{"timestamp":"2026-02-27T11:56:53.954657Z","level":"info","event":"Filling up the DagBag from /opt/airflow/dags/11_incremental_load.py","logger":"airflow.models.dagbag.BundleDagBag","filename":"dagbag.py","lineno":593}
{"timestamp":"2026-02-27T11:57:24.581269Z","level":"info","event":"Filling up the DagBag from /opt/airflow/dags/11_incremental_load.py","logger":"airflow.models.dagbag.BundleDagBag","filename":"dagbag.py","lineno":593}
{"timestamp":"2026-02-27T11:57:55.008096Z","level":"info","event":"Filling up the DagBag from /opt/airflow/dags/11_incremental_load.py","logger":"airflow.models.dagbag.BundleDagBag","filename":"dagbag.py","lineno":593}
{"timestamp":"2026-02-27T11:58:25.799975Z","level":"info","event":"Filling up the DagBag from /opt/airflow/dags/11_incremental_load.py","logger":"airflow.models.dagbag.BundleDagBag","filename":"dagbag.py","lineno":593}
{"timestamp":"2026-02-27T11:58:56.437935Z","level":"info","event":"Filling up the DagBag from /opt/airflow/dags/11_incremental_load.py","logger":"airflow.models.dagbag.BundleDagBag","filename":"dagbag.py","lineno":593}
{"timestamp":"2026-02-27T11:59:26.866848Z","level":"info","event":"Filling up the DagBag from /opt/airflow/dags/11_incremental_load.py","logger":"airflow.models.dagbag.BundleDagBag","filename":"dagbag.py","lineno":593}
{"timestamp":"2026-02-27T11:59:57.704592Z","level":"info","event":"Filling up the DagBag from /opt/airflow/dags/11_incremental_load.py","logger":"airflow.models.dagbag.BundleDagBag","filename":"dagbag.py","lineno":593}
{"timestamp":"2026-02-27T12:00:28.155834Z","level":"info","event":"Filling up the DagBag from /opt/airflow/dags/11_incremental_load.py","logger":"airflow.models.dagbag.BundleDagBag","filename":"dagbag.py","lineno":593}
{"timestamp":"2026-02-27T12:00:58.513971Z","level":"info","event":"Filling up the DagBag from /opt/airflow/dags/11_incremental_load.py","logger":"airflow.models.dagbag.BundleDagBag","filename":"dagbag.py","lineno":593}
{"timestamp":"2026-02-27T12:01:28.828234Z","level":"info","event":"Filling up the DagBag from /opt/airflow/dags/11_incremental_load.py","logger":"airflow.models.dagbag.BundleDagBag","filename":"dagbag.py","lineno":593}
{"timestamp":"2026-02-27T12:01:59.191638Z","level":"info","event":"Filling up the DagBag from /opt/airflow/dags/11_incremental_load.py","logger":"airflow.models.dagbag.BundleDagBag","filename":"dagbag.py","lineno":593}
{"timestamp":"2026-02-27T12:02:29.590509Z","level":"info","event":"Filling up the DagBag from /opt/airflow/dags/11_incremental_load.py","logger":"airflow.models.dagbag.BundleDagBag","filename":"dagbag.py","lineno":593}
{"timestamp":"2026-02-27T12:03:00.116125Z","level":"info","event":"Filling up the DagBag from /opt/airflow/dags/11_incremental_load.py","logger":"airflow.models.dagbag.BundleDagBag","filename":"dagbag.py","lineno":593}
{"timestamp":"2026-02-27T12:03:30.680534Z","level":"info","event":"Filling up the DagBag from /opt/airflow/dags/11_incremental_load.py","logger":"airflow.models.dagbag.BundleDagBag","filename":"dagbag.py","lineno":593}
{"timestamp":"2026-02-27T12:04:01.152276Z","level":"info","event":"Filling up the DagBag from /opt/airflow/dags/11_incremental_load.py","logger":"airflow.models.dagbag.BundleDagBag","filename":"dagbag.py","lineno":593}
{"timestamp":"2026-02-27T12:04:31.818296Z","level":"info","event":"Filling up the DagBag from /opt/airflow/dags/11_incremental_load.py","logger":"airflow.models.dagbag.BundleDagBag","filename":"dagbag.py","lineno":593}
{"timestamp":"2026-02-27T12:05:02.380475Z","level":"info","event":"Filling up the DagBag from /opt/airflow/dags/11_incremental_load.py","logger":"airflow.models.dagbag.BundleDagBag","filename":"dagbag.py","lineno":593}
{"timestamp":"2026-02-27T12:05:32.774545Z","level":"info","event":"Filling up the DagBag from /opt/airflow/dags/11_incremental_load.py","logger":"airflow.models.dagbag.BundleDagBag","filename":"dagbag.py","lineno":593}
{"timestamp":"2026-02-27T12:06:03.250759Z","level":"info","event":"Filling up the DagBag from /opt/airflow/dags/11_incremental_load.py","logger":"airflow.models.dagbag.BundleDagBag","filename":"dagbag.py","lineno":593}
{"timestamp":"2026-02-27T12:06:33.611707Z","level":"info","event":"Filling up the DagBag from /opt/airflow/dags/11_incremental_load.py","logger":"airflow.models.dagbag.BundleDagBag","filename":"dagbag.py","lineno":593}
{"timestamp":"2026-02-27T12:07:03.995560Z","level":"info","event":"Filling up the DagBag from /opt/airflow/dags/11_incremental_load.py","logger":"airflow.models.dagbag.BundleDagBag","filename":"dagbag.py","lineno":593}
{"timestamp":"2026-02-27T12:07:34.415860Z","level":"info","event":"Filling up the DagBag from /opt/airflow/dags/11_incremental_load.py","logger":"airflow.models.dagbag.BundleDagBag","filename":"dagbag.py","lineno":593}
{"timestamp":"2026-02-27T12:08:04.878852Z","level":"info","event":"Filling up the DagBag from /opt/airflow/dags/11_incremental_load.py","logger":"airflow.models.dagbag.BundleDagBag","filename":"dagbag.py","lineno":593}
{"timestamp":"2026-02-27T12:08:35.367176Z","level":"info","event":"Filling up the DagBag from /opt/airflow/dags/11_incremental_load.py","logger":"airflow.models.dagbag.BundleDagBag","filename":"dagbag.py","lineno":593}
{"timestamp":"2026-02-27T12:09:05.750829Z","level":"info","event":"Filling up the DagBag from /opt/airflow/dags/11_incremental_load.py","logger":"airflow.models.dagbag.BundleDagBag","filename":"dagbag.py","lineno":593}
{"timestamp":"2026-02-27T12:09:36.267004Z","level":"info","event":"Filling up the DagBag from /opt/airflow/dags/11_incremental_load.py","logger":"airflow.models.dagbag.BundleDagBag","filename":"dagbag.py","lineno":593}
{"timestamp":"2026-02-27T12:10:06.657726Z","level":"info","event":"Filling up the DagBag from /opt/airflow/dags/11_incremental_load.py","logger":"airflow.models.dagbag.BundleDagBag","filename":"dagbag.py","lineno":593}
{"timestamp":"2026-02-27T12:10:37.069901Z","level":"info","event":"Filling up the DagBag from /opt/airflow/dags/11_incremental_load.py","logger":"airflow.models.dagbag.BundleDagBag","filename":"dagbag.py","lineno":593}
{"timestamp":"2026-02-27T12:11:07.451224Z","level":"info","event":"Filling up the DagBag from /opt/airflow/dags/11_incremental_load.py","logger":"airflow.models.dagbag.BundleDagBag","filename":"dagbag.py","lineno":593}
{"timestamp":"2026-02-27T12:11:37.866135Z","level":"info","event":"Filling up the DagBag from /opt/airflow/dags/11_incremental_load.py","logger":"airflow.models.dagbag.BundleDagBag","filename":"dagbag.py","lineno":593}
{"timestamp":"2026-02-27T12:12:08.200859Z","level":"info","event":"Filling up the DagBag from /opt/airflow/dags/11_incremental_load.py","logger":"airflow.models.dagbag.BundleDagBag","filename":"dagbag.py","lineno":593}
{"timestamp":"2026-02-27T12:12:38.623865Z","level":"info","event":"Filling up the DagBag from /opt/airflow/dags/11_incremental_load.py","logger":"airflow.models.dagbag.BundleDagBag","filename":"dagbag.py","lineno":593}
{"timestamp":"2026-02-27T12:13:09.272947Z","level":"info","event":"Filling up the DagBag from /opt/airflow/dags/11_incremental_load.py","logger":"airflow.models.dagbag.BundleDagBag","filename":"dagbag.py","lineno":593}
{"timestamp":"2026-02-27T12:13:39.709816Z","level":"info","event":"Filling up the DagBag from /opt/airflow/dags/11_incremental_load.py","logger":"airflow.models.dagbag.BundleDagBag","filename":"dagbag.py","lineno":593}
{"timestamp":"2026-02-27T12:14:10.036564Z","level":"info","event":"Filling up the DagBag from /opt/airflow/dags/11_incremental_load.py","logger":"airflow.models.dagbag.BundleDagBag","filename":"dagbag.py","lineno":593}
{"timestamp":"2026-02-27T12:14:40.478225Z","level":"info","event":"Filling up the DagBag from /opt/airflow/dags/11_incremental_load.py","logger":"airflow.models.dagbag.BundleDagBag","filename":"dagbag.py","lineno":593}
{"timestamp":"2026-02-27T12:15:10.900263Z","level":"info","event":"Filling up the DagBag from /opt/airflow/dags/11_incremental_load.py","logger":"airflow.models.dagbag.BundleDagBag","filename":"dagbag.py","lineno":593}
{"timestamp":"2026-02-27T12:15:41.289689Z","level":"info","event":"Filling up the DagBag from /opt/airflow/dags/11_incremental_load.py","logger":"airflow.models.dagbag.BundleDagBag","filename":"dagbag.py","lineno":593}
{"timestamp":"2026-02-27T12:16:11.754733Z","level":"info","event":"Filling up the DagBag from /opt/airflow/dags/11_incremental_load.py","logger":"airflow.models.dagbag.BundleDagBag","filename":"dagbag.py","lineno":593}
{"timestamp":"2026-02-27T12:16:42.199445Z","level":"info","event":"Filling up the DagBag from /opt/airflow/dags/11_incremental_load.py","logger":"airflow.models.dagbag.BundleDagBag","filename":"dagbag.py","lineno":593}
{"timestamp":"2026-02-27T12:17:12.656149Z","level":"info","event":"Filling up the DagBag from /opt/airflow/dags/11_incremental_load.py","logger":"airflow.models.dagbag.BundleDagBag","filename":"dagbag.py","lineno":593}
{"timestamp":"2026-02-27T12:17:43.018401Z","level":"info","event":"Filling up the DagBag from /opt/airflow/dags/11_incremental_load.py","logger":"airflow.models.dagbag.BundleDagBag","filename":"dagbag.py","lineno":593}
{"timestamp":"2026-02-27T12:18:13.632960Z","level":"info","event":"Filling up the DagBag from /opt/airflow/dags/11_incremental_load.py","logger":"airflow.models.dagbag.BundleDagBag","filename":"dagbag.py","lineno":593}
{"timestamp":"2026-02-27T12:18:44.318612Z","level":"info","event":"Filling up the DagBag from /opt/airflow/dags/11_incremental_load.py","logger":"airflow.models.dagbag.BundleDagBag","filename":"dagbag.py","lineno":593}
{"timestamp":"2026-02-27T12:19:15.001939Z","level":"info","event":"Filling up the DagBag from /opt/airflow/dags/11_incremental_load.py","logger":"airflow.models.dagbag.BundleDagBag","filename":"dagbag.py","lineno":593}
{"timestamp":"2026-02-27T12:19:45.406659Z","level":"info","event":"Filling up the DagBag from /opt/airflow/dags/11_incremental_load.py","logger":"airflow.models.dagbag.BundleDagBag","filename":"dagbag.py","lineno":593}
{"timestamp":"2026-02-27T12:20:15.773715Z","level":"info","event":"Filling up the DagBag from /opt/airflow/dags/11_incremental_load.py","logger":"airflow.models.dagbag.BundleDagBag","filename":"dagbag.py","lineno":593}
{"timestamp":"2026-02-27T12:20:46.100330Z","level":"info","event":"Filling up the DagBag from /opt/airflow/dags/11_incremental_load.py","logger":"airflow.models.dagbag.BundleDagBag","filename":"dagbag.py","lineno":593}
{"timestamp":"2026-02-27T12:21:16.461906Z","level":"info","event":"Filling up the DagBag from /opt/airflow/dags/11_incremental_load.py","logger":"airflow.models.dagbag.BundleDagBag","filename":"dagbag.py","lineno":593}
{"timestamp":"2026-02-27T12:21:46.790055Z","level":"info","event":"Filling up the DagBag from /opt/airflow/dags/11_incremental_load.py","logger":"airflow.models.dagbag.BundleDagBag","filename":"dagbag.py","lineno":593}
{"timestamp":"2026-02-27T12:22:17.104744Z","level":"info","event":"Filling up the DagBag from /opt/airflow/dags/11_incremental_load.py","logger":"airflow.models.dagbag.BundleDagBag","filename":"dagbag.py","lineno":593}
{"timestamp":"2026-02-27T12:22:47.607739Z","level":"info","event":"Filling up the DagBag from /opt/airflow/dags/11_incremental_load.py","logger":"airflow.models.dagbag.BundleDagBag","filename":"dagbag.py","lineno":593}
{"timestamp":"2026-02-27T12:23:18.077928Z","level":"info","event":"Filling up the DagBag from /opt/airflow/dags/11_incremental_load.py","logger":"airflow.models.dagbag.BundleDagBag","filename":"dagbag.py","lineno":593}
{"timestamp":"2026-02-27T12:23:48.330080Z","level":"info","event":"Filling up the DagBag from /opt/airflow/dags/11_incremental_load.py","logger":"airflow.models.dagbag.BundleDagBag","filename":"dagbag.py","lineno":593}
{"timestamp":"2026-02-27T12:24:18.727202Z","level":"info","event":"Filling up the DagBag from /opt/airflow/dags/11_incremental_load.py","logger":"airflow.models.dagbag.BundleDagBag","filename":"dagbag.py","lineno":593}
{"timestamp":"2026-02-27T12:24:49.312190Z","level":"info","event":"Filling up the DagBag from /opt/airflow/dags/11_incremental_load.py","logger":"airflow.models.dagbag.BundleDagBag","filename":"dagbag.py","lineno":593}
{"timestamp":"2026-02-27T12:25:19.979484Z","level":"info","event":"Filling up the DagBag from /opt/airflow/dags/11_incremental_load.py","logger":"airflow.models.dagbag.BundleDagBag","filename":"dagbag.py","lineno":593}
{"timestamp":"2026-02-27T12:25:50.463837Z","level":"info","event":"Filling up the DagBag from /opt/airflow/dags/11_incremental_load.py","logger":"airflow.models.dagbag.BundleDagBag","filename":"dagbag.py","lineno":593}
{"timestamp":"2026-02-27T12:26:21.124311Z","level":"info","event":"Filling up the DagBag from /opt/airflow/dags/11_incremental_load.py","logger":"airflow.models.dagbag.BundleDagBag","filename":"dagbag.py","lineno":593}
{"timestamp":"2026-02-27T12:26:51.573670Z","level":"info","event":"Filling up the DagBag from /opt/airflow/dags/11_incremental_load.py","logger":"airflow.models.dagbag.BundleDagBag","filename":"dagbag.py","lineno":593}
